<?xml version="1.0" encoding="UTF-8"?>
<testsuite xmlns:xsi="http://www.w3.org/2001/XMLSchema-instance" xsi:noNamespaceSchemaLocation="https://maven.apache.org/surefire/maven-surefire-plugin/xsd/surefire-test-report-3.0.xsd" version="3.0" name="example.TriangleGameTest" time="0.043" tests="6" errors="0" skipped="0" failures="0">
  <properties>
[...]
</properties>
  <testcase name="testDistance_3_4_5" classname="example.TriangleGameTest" time="0.017"/>
  <testcase name="testDegenerateTriangle_AreaZero" classname="example.TriangleGameTest" time="0.001"/>
  <testcase name="testEquilateralTriangle_Area" classname="example.TriangleGameTest" time="0.001"/>
  <testcase name="testPerimeter" classname="example.TriangleGameTest" time="0.001"/>
  <testcase name="testAngles_SumCloseTo180" classname="example.TriangleGameTest" time="0.0"/>
  <testcase name="testArea_RightTriangle_3_4_5" classname="example.TriangleGameTest" time="0.001"/>
</testsuite>